<?xml version="1.0" encoding="UTF-8"?>
<!-- Generated by org.testng.reporters.JUnitReportReporter -->
<testsuite hostname="DESKTOP-MQ97479" failures="0" tests="1" name="testcases.LoginTest" time="22.054" errors="0" timestamp="2022-12-22T11:13:22 IST" skipped="0">
  <testcase classname="testcases.LoginTest" name="Login" time="22.054"/>
  <system-out/>
</testsuite> <!-- testcases.LoginTest -->
