<?xml version="1.0" encoding="UTF-8"?>
<!-- Generated by org.testng.reporters.JUnitReportReporter -->
<testsuite hostname="DESKTOP-MQ97479" failures="0" tests="2" name="testcases.BedTest" time="37.835" errors="0" timestamp="2023-02-21T16:56:11 IST" skipped="0">
  <testcase classname="testcases.BedTest" name="bed" time="19.052"/>
  <system-out/>
  <testcase classname="testcases.BedTest" name="bedstatus" time="18.783"/>
  <system-out/>
</testsuite> <!-- testcases.BedTest -->
