<?xml version="1.0" encoding="UTF-8"?>
<!-- Generated by org.testng.reporters.JUnitReportReporter -->
<testsuite hostname="DESKTOP-MQ97479" failures="0" tests="1" name="testcases.HospitalTest" time="18.522" errors="0" timestamp="2022-11-30T17:30:41 IST" skipped="0">
  <testcase classname="testcases.HospitalTest" name="chargestype" time="18.522"/>
  <system-out/>
</testsuite> <!-- testcases.HospitalTest -->
