<?xml version="1.0" encoding="UTF-8"?>
<!-- Generated by org.testng.reporters.JUnitReportReporter -->
<testsuite hostname="DESKTOP-MQ97479" failures="0" tests="1" name="pages.demo" time="0.032" errors="0" timestamp="2022-11-01T16:17:40 IST" skipped="0">
  <testcase classname="pages.demo" name="Register" time="0.032"/>
  <system-out/>
</testsuite> <!-- pages.demo -->
