<?xml version="1.0" encoding="UTF-8"?>
<!-- Generated by org.testng.reporters.JUnitReportReporter -->
<testsuite hostname="DESKTOP-MQ97479" failures="0" tests="4" name="testcases.FrontofficeTest" time="79.638" errors="0" timestamp="2022-12-05T17:12:36 IST" skipped="0">
  <testcase classname="testcases.FrontofficeTest" name="complaintype" time="18.937"/>
  <system-out/>
  <testcase classname="testcases.FrontofficeTest" name="appointpriority" time="16.000"/>
  <system-out/>
  <testcase classname="testcases.FrontofficeTest" name="source" time="30.279"/>
  <system-out/>
  <testcase classname="testcases.FrontofficeTest" name="purpose" time="14.422"/>
  <system-out/>
</testsuite> <!-- testcases.FrontofficeTest -->
