<?xml version="1.0" encoding="UTF-8"?>
<!-- Generated by org.testng.reporters.JUnitReportReporter -->
<testsuite hostname="DESKTOP-MQ97479" failures="0" tests="4" name="testcases.DashboardTest" time="65.361" errors="0" timestamp="2022-11-25T15:28:38 IST" skipped="0">
  <testcase classname="testcases.DashboardTest" name="Patientpage" time="15.487"/>
  <system-out/>
  <testcase classname="testcases.DashboardTest" name="Hospital" time="16.619"/>
  <system-out/>
  <testcase classname="testcases.DashboardTest" name="Bed" time="17.370"/>
  <system-out/>
  <testcase classname="testcases.DashboardTest" name="Frontoffice" time="15.885"/>
  <system-out/>
</testsuite> <!-- testcases.DashboardTest -->
